<?xml version="1.0" encoding="UTF-8"?>
<!-- Generated by org.testng.reporters.JUnitReportReporter -->
<testsuite hostname="GG-PC" name="com.frameworks.tests.pages.HomePageTest" tests="2" failures="0" timestamp="21 Oct 2015 05:21:26 GMT" time="5.394" errors="0">
  <testcase name="testFBLink" time="2.966" classname="com.frameworks.tests.pages.HomePageTest"/>
  <testcase name="testSlidesCount" time="2.428" classname="com.frameworks.tests.pages.HomePageTest"/>
</testsuite> <!-- com.frameworks.tests.pages.HomePageTest -->
